<?xml version="1.0" encoding="UTF-8"?>
<!-- Generated by org.testng.reporters.JUnitReportReporter -->
<testsuite skipped="0" hostname="LenovoUser-PC" name="testCases.TC_001_PBI01" tests="1" failures="0" timestamp="2020-07-16T16:43:30 IST" time="41.357" errors="0">
  <testcase name="loginToApplication" time="41.357" classname="testCases.TC_001_PBI01"/>
</testsuite> <!-- testCases.TC_001_PBI01 -->
